[debug] [2021-03-26T17:20:05.741Z] ----------------------------------------------------------------------
[debug] [2021-03-26T17:20:05.743Z] Command:       C:\Program Files\nodejs\node.exe C:\Users\yogesh\AppData\Roaming\npm\node_modules\firebase-tools\lib\bin\firebase.js init
[debug] [2021-03-26T17:20:05.743Z] CLI Version:   9.2.0
[debug] [2021-03-26T17:20:05.743Z] Platform:      win32
[debug] [2021-03-26T17:20:05.743Z] Node Version:  v14.15.0
[debug] [2021-03-26T17:20:05.744Z] Time:          Fri Mar 26 2021 22:50:05 GMT+0530 (India Standard Time)
[debug] [2021-03-26T17:20:05.744Z] ----------------------------------------------------------------------
[debug] [2021-03-26T17:20:05.744Z] 
[debug] [2021-03-26T17:20:05.746Z] >>> [apiv2][query] GET https://firebase-public.firebaseio.com/cli.json [none]
[debug] [2021-03-26T17:20:05.765Z] > command requires scopes: ["email","openid","https://www.googleapis.com/auth/cloudplatformprojects.readonly","https://www.googleapis.com/auth/firebase","https://www.googleapis.com/auth/cloud-platform"]
[debug] [2021-03-26T17:20:05.765Z] > authorizing via signed-in user
[info] 
     ######## #### ########  ######## ########     ###     ######  ########
     ##        ##  ##     ## ##       ##     ##  ##   ##  ##       ##
     ######    ##  ########  ######   ########  #########  ######  ######
     ##        ##  ##    ##  ##       ##     ## ##     ##       ## ##
     ##       #### ##     ## ######## ########  ##     ##  ######  ########

You're about to initialize a Firebase project in this directory:

  D:\Web dev projects\image-gallery-react

[debug] [2021-03-26T17:20:06.661Z] <<< [apiv2][status] GET https://firebase-public.firebaseio.com/cli.json 200
[debug] [2021-03-26T17:20:06.661Z] <<< [apiv2][body] GET https://firebase-public.firebaseio.com/cli.json {"cloudBuildErrorAfter":1594252800000,"cloudBuildWarnAfter":1590019200000,"defaultNode10After":1594252800000,"minVersion":"3.0.5","node8DeploysDisabledAfter":1613390400000,"node8RuntimeDisabledAfter":1615809600000,"node8WarnAfter":1600128000000}
